{
  "RSpec": {
    "coverage": {
      "/home/saasbook/Git/hw5repo/app/controllers/application_controller.rb": [
        1,
        1,
        1,
        null
      ],
      "/home/saasbook/Git/hw5repo/app/helpers/application_helper.rb": [
        1,
        null
      ],
      "/home/saasbook/Git/hw5repo/app/helpers/movies_helper.rb": [
        1,
        null,
        1,
        0,
        null,
        null
      ],
      "/home/saasbook/Git/hw5repo/app/controllers/movies_controller.rb": [
        1,
        null,
        1,
        0,
        0,
        null,
        null,
        null,
        1,
        0,
        0,
        null,
        0,
        null,
        0,
        null,
        0,
        0,
        null,
        0,
        0,
        null,
        null,
        0,
        0,
        0,
        0,
        null,
        0,
        null,
        null,
        1,
        null,
        null,
        null,
        1,
        0,
        0,
        0,
        null,
        null,
        1,
        0,
        null,
        null,
        1,
        0,
        0,
        0,
        0,
        null,
        null,
        1,
        0,
        0,
        0,
        0,
        null,
        null,
        1,
        3,
        null,
        3,
        1,
        1,
        null,
        2,
        null,
        2,
        0,
        0,
        null,
        null,
        null,
        null,
        1,
        2,
        2,
        1,
        null,
        1,
        null,
        1,
        1,
        null,
        1,
        null,
        2,
        null,
        null
      ],
      "/home/saasbook/Git/hw5repo/app/models/movie.rb": [
        1,
        1,
        null,
        1,
        2,
        null,
        2,
        2,
        2,
        1,
        1,
        null,
        1,
        null,
        1,
        1,
        0,
        null,
        1,
        null,
        null,
        null,
        null,
        1,
        0,
        null,
        null,
        1,
        1,
        1,
        1,
        null,
        null
      ]
    },
    "timestamp": 1414470159
  }
}
